classifier.utils DEBUG 2024-09-04 12:25:21,100: ['bad']
classifier.utils DEBUG 2024-09-04 12:26:04,316: ['bad']
classifier.utils DEBUG 2024-09-04 12:28:22,247: ['bad'] url:['form']
classifier.utils DEBUG 2024-09-04 12:28:43,630: ['bad'] url:['form']
classifier.utils DEBUG 2024-09-04 12:34:22,110: ['bad'] url:['form']
classifier.utils DEBUG 2024-09-04 12:41:38,696: ['bad'] url:['<tr>\n    <th><label for="url_input">Url input:</label></th>\n    <td>\n      \n      <textarea name="url_input" cols="100" rows="5" id="url_input" placeholder="Please paste your link here" class="h-full pt-3 pl-3 pr-6 md:pr-32 outline-none w-full border-2 border-light rounded-md resize-none">\ngoogle.com</textarea>\n      \n      \n        \n      \n    </td>\n  </tr>']
classifier.utils DEBUG 2024-09-04 13:05:57,897: ['good'] url:['google.com']
classifier.utils DEBUG 2024-09-04 13:06:02,928: ['good'] url:['google.com']
classifier.utils DEBUG 2024-09-04 13:06:10,197: ['good'] url:['google.com']
classifier.utils DEBUG 2024-09-04 13:06:12,724: ['good'] url:['google.com']
classifier.utils DEBUG 2024-09-04 13:06:27,227: ['good'] url:['portal.kwasu.edu.ng']
classifier.utils DEBUG 2024-09-04 13:06:39,647: ['good'] url:['nija.com']
classifier.utils DEBUG 2024-09-04 13:08:39,321: ['good'] url:['nawi.joopsoa.com']
classifier.utils DEBUG 2024-09-04 13:09:11,780: ['good'] url:['pishing.si.com']
classifier.utils DEBUG 2024-09-04 13:20:57,951: ['bad'] url:['helllo.py']
classifier.utils DEBUG 2024-09-04 13:21:14,292: ['good'] url:['sll.com']
classifier.utils DEBUG 2024-09-04 13:21:37,251: ['bad'] url:['http://sll.com']
classifier.utils DEBUG 2024-09-04 13:22:02,221: ['bad'] url:['https://sll.com']
classifier.utils DEBUG 2024-09-04 13:36:33,961: ['bad'] url:['https://sll.com']
classifier.utils DEBUG 2024-09-04 13:36:45,715: ['bad'] url:['http//good.com']
classifier.utils DEBUG 2024-09-04 14:07:37,299: ['bad'] url:['http//good.com']
classifier.utils DEBUG 2024-09-04 14:07:51,405: ['bad'] url:['https//:good.com']
classifier.utils DEBUG 2024-09-04 14:07:59,039: ['bad'] url:['https://good.com']
classifier.utils DEBUG 2024-09-04 14:08:08,550: ['good'] url:['good.com']
classifier.utils DEBUG 2024-09-04 14:08:26,579: ['bad'] url:['https://google.com']
classifier.utils DEBUG 2024-09-04 14:08:35,728: ['good'] url:['google.com']
classifier.utils DEBUG 2024-09-04 14:08:43,793: ['good'] url:['google.com']
classifier.utils DEBUG 2024-09-04 14:09:02,243: ['good'] url:['googlt.com']
classifier.utils DEBUG 2024-09-04 15:38:56,796: ['good'] url:['google.com']
classifier.utils DEBUG 2024-09-04 15:39:07,555: ['good'] url:['google.com']
classifier.utils DEBUG 2024-09-04 15:39:13,723: ['good'] url:['google.com']
classifier.utils DEBUG 2024-09-04 15:42:52,772: ['good'] url:['google.com']
classifier.utils DEBUG 2024-09-04 15:42:56,569: ['good'] url:['google.com']
classifier.utils DEBUG 2024-09-04 15:44:22,175: ['good'] url:['google.com']
classifier.utils DEBUG 2024-09-04 15:44:26,255: ['good'] url:['google.com']
classifier.utils DEBUG 2024-09-04 15:44:30,395: ['good'] url:['google.com']
classifier.utils DEBUG 2024-09-04 15:44:32,810: ['good'] url:['google.com']
classifier.utils DEBUG 2024-09-04 15:44:55,206: ['bad'] url:['https://google.com']
classifier.utils DEBUG 2024-09-04 15:44:58,859: ['bad'] url:['https://google.com']
classifier.utils DEBUG 2024-09-04 15:45:01,815: ['bad'] url:['https://google.com']
classifier.utils DEBUG 2024-09-04 15:45:06,193: ['bad'] url:['https://google.com']
classifier.utils DEBUG 2024-09-04 15:45:20,596: ['bad'] url:['https://google.com']
classifier.utils DEBUG 2024-09-04 15:46:10,753: ['good'] url:['']
classifier.utils DEBUG 2024-09-04 15:46:20,395: ['good'] url:['']
classifier.utils DEBUG 2024-09-04 15:47:23,871: ['bad'] url:['hello']
classifier.utils DEBUG 2024-09-04 15:49:25,117: ['bad'] url:['hello']
classifier.utils DEBUG 2024-09-04 15:50:05,007: ['good'] url:['']
classifier.utils DEBUG 2024-09-04 15:59:48,456: ['good'] url:['']
classifier.utils DEBUG 2024-09-04 15:59:54,629: ['good'] url:['']
classifier.utils DEBUG 2024-09-04 16:00:09,316: ['good'] url:['hello.com']
classifier.utils DEBUG 2024-09-04 17:00:33,028: ['good'] url:['hello.com']
classifier.utils DEBUG 2024-09-04 17:00:36,229: ['good'] url:['hello.com']
classifier.utils DEBUG 2024-09-04 17:00:43,438: ['bad'] url:['hello.coim']
classifier.utils DEBUG 2024-09-04 17:05:39,212: ['bad'] url:['hello']
classifier.utils DEBUG 2024-09-04 17:09:57,782: ['good'] url:['goohle.com']
classifier.utils DEBUG 2024-09-04 17:17:38,302: ['good'] url:['goohle.com']
classifier.utils DEBUG 2024-09-04 17:17:47,714: ['good'] url:['goohle.com']
classifier.utils DEBUG 2024-09-04 17:21:11,309: ['good'] url:['goohle.com']
classifier.utils DEBUG 2024-09-04 17:22:36,330: ['good'] url:['goohle.com']
classifier.utils DEBUG 2024-09-04 17:24:17,242: ['good'] url:['google.com']
classifier.utils DEBUG 2024-09-04 17:25:20,343: ['good'] url:['google.com']
classifier.utils DEBUG 2024-09-04 17:10:20,863: ['bad'] url:['hello']
classifier.utils DEBUG 2024-09-04 17:15:20,834: ['bad'] url:['hello']
classifier.utils DEBUG 2024-09-04 17:19:35,958: ['bad'] url:['hello']
classifier.utils DEBUG 2024-09-04 17:27:19,794: ['bad'] url:['hello']
classifier.utils DEBUG 2024-09-04 17:36:33,485: ['bad'] url:['hello']
classifier.utils DEBUG 2024-09-04 17:39:57,155: ['good'] url:['hello.com']
classifier.utils DEBUG 2024-09-04 17:40:02,802: ['good'] url:['hello.com']
classifier.utils DEBUG 2024-09-06 19:05:24,147: ['good'] url:['rrr']
classifier.utils DEBUG 2024-09-06 19:07:05,263: ['good'] url:['rrr']
classifier.utils DEBUG 2024-09-06 19:16:14,393: ['good'] url:['rrr']
classifier.utils DEBUG 2024-09-06 19:33:55,577: ['good'] url:['ll,']
